<?xml version="1.0" encoding="UTF-8"?>
<!-- Generated by org.testng.reporters.JUnitReportReporter -->
<testsuite hostname="DESKTOP-EQ55Q8H" failures="0" tests="1" name="checkSystem.SauceTestStream" time="3.778" errors="0" timestamp="2022-02-08T17:20:06 IST" skipped="0">
  <testcase classname="checkSystem.SauceTestStream" name="maxPriceStreamTest" time="3.778"/>
  <system-out/>
</testsuite> <!-- checkSystem.SauceTestStream -->
