<?xml version="1.0" encoding="UTF-8"?>
<!-- Generated by org.testng.reporters.JUnitReportReporter -->
<testsuite hostname="DESKTOP-EQ55Q8H" failures="0" tests="1" name="javaStream8.Test1" time="0.013" errors="0" timestamp="2022-04-07T14:20:58 IST" skipped="0">
  <testcase classname="javaStream8.Test1" name="streamCollect" time="0.013"/>
  <system-out/>
</testsuite> <!-- javaStream8.Test1 -->
