<?xml version="1.0" encoding="UTF-8"?>
<!-- Generated by org.testng.reporters.JUnitReportReporter -->
<testsuite hostname="DESKTOP-EQ55Q8H" failures="0" tests="3" name="test.Day4" time="0.003" errors="0" timestamp="2022-04-18T16:22:39 IST" skipped="0">
  <testcase classname="test.Day4" name="WebLoginHomeloan" time="0.001"/>
  <system-out/>
  <testcase classname="test.Day4" name="LoginApiHomeLoan" time="0.001"/>
  <system-out/>
  <testcase classname="test.Day4" name="MobileLoginHomeloan" time="0.001"/>
  <system-out/>
</testsuite> <!-- test.Day4 -->
