<?xml version="1.0" encoding="UTF-8"?>
<!-- Generated by org.testng.reporters.JUnitReportReporter -->
<testsuite hostname="DESKTOP-EQ55Q8H" failures="0" tests="4" name="test.Day3" time="0.006" errors="0" timestamp="2022-04-18T16:22:39 IST" skipped="0">
  <testcase classname="test.Day3" name="WebLoginCarloan" time="0.002"/>
  <system-out/>
  <testcase classname="test.Day3" name="MobileSignInCarloan" time="0.001"/>
  <system-out/>
  <testcase classname="test.Day3" name="MobileLoginCarloan" time="0.000"/>
  <system-out/>
  <testcase classname="test.Day3" name="MobileSignOutCarloan" time="0.003"/>
  <system-out/>
</testsuite> <!-- test.Day3 -->
